batch_size: 32
max_samples_per_split: 128
config_root: ./cfg
dataset_path: legacy_code_generator/data/samples/setcover/500r_1000c_0.05d
dropout: 0.0
epochs: 2
eval_every: 100
hidden_channels: 64
log_dir: ./logs
loss_option: classification
lr: 0.01
model: holo
model_dir: ./models
model_suffix: 
n_breakings: 8
num_layers: 4
out_dim: 64
power: 2
print_every: 100
r: 1
resume: False
resume_model_dir: 
sample_negatives: False
save_every: 100
seed: 42
symmetry_breaking_model: power_method
weight_decay: 0.0005
dataset: set_cover
cfg_idx: 0
model_id: set_cover_cfg0
device: cuda
Model is saved to models/set_cover_cfg0, logs are saved to logs/set_cover_cfg0.
[Epoch 1] CPU Memory - RSS: 0.88 GB
-------------------------------------------- Evaluating at epoch 1, step 0 ---------------------------------------------
-------- Valid loss: 4.770, accuracy 0.039, top 5 accuracy 0.141, score difference [abs] 5.349 [relative] 0.931 --------
Saved checkpoint models/set_cover_cfg0/0.pth
Epoch 1: Train loss 4.765, accuracy 0.109, top 5 accuracy 0.266, [absolute] 5.499 [relative] 0.773
[Epoch 2] CPU Memory - RSS: 1.65 GB
Epoch 2: Train loss 4.738, accuracy 0.109, top 5 accuracy 0.328, [absolute] 5.621 [relative] 0.802
Saved checkpoint models/set_cover_cfg0/8.pth
Training completed in 0.14 minutes.
batch_size: 32
max_samples_per_split: 128
config_root: ./cfg
dataset_path: legacy_code_generator/data/samples/setcover/500r_1000c_0.05d
dropout: 0.0
epochs: 2
eval_every: 100
hidden_channels: 64
log_dir: ./logs
loss_option: classification
lr: 0.01
model: holo
model_dir: ./models
model_suffix: 
n_breakings: 8
num_layers: 4
out_dim: 64
power: 2
print_every: 100
r: 1
resume: False
resume_model_dir: 
sample_negatives: False
save_every: 100
seed: 42
symmetry_breaking_model: power_method
weight_decay: 0.0005
dataset: set_cover
cfg_idx: 0
parent_test_stats_dir: data/results_summary/
eval_split: test
eval_batch_size: 32
eval_train_batch_size: None
eval_val_batch_size: None
eval_test_batch_size: None
model_id: set_cover_cfg0
device: cuda
Number of parameters: 215668
Loaded checkpoint models/set_cover_cfg0/8.pth
---------------------------- [test] Save stats to: data/results_summary/set_cover_cfg0/test ----------------------------
  0%|          | 0/4 [00:00<?, ?it/s] 25%|██▌       | 1/4 [00:01<00:04,  1.36s/it] 50%|█████     | 2/4 [00:02<00:02,  1.14s/it] 75%|███████▌  | 3/4 [00:03<00:01,  1.13s/it]100%|██████████| 4/4 [00:04<00:00,  1.09s/it]100%|██████████| 4/4 [00:04<00:00,  1.12s/it]
[test] loss 4.7593, acc 0.0625, top5 0.2734, score_diff 5.8688, normalized 0.8266
Total eval time: 0.11 minutes
