Starting next job 100...
batch_size: 1
config_root: ./cfg
dataset_path: legacy_code_generator/data/samples/setcover/500r_1000c_0.05d
dropout: 0.0
epochs: 10
eval_every: 100000
hidden_channels: 64
log_dir: ./logs
loss_option: classification
lr: 0.0001
model: holo
model_dir: ./models
model_suffix: 
n_breakings: 8
num_layers: 2
out_dim: 64
power: 2
print_every: 100000
r: 1
resume: False
resume_model_dir: 
sample_negatives: False
save_every: 100000
seed: 42
symmetry_breaking_model: gnn
weight_decay: 0.0005
num_heads: 1
isab_num_inds: 50
dataset: set_cover
cfg_idx: 100
model_id: set_cover_cfg100
device: cuda
Model is saved to models/set_cover_cfg100, logs are saved to logs/set_cover_cfg100.
[Epoch 1] CPU Memory - RSS: 0.92 GB
-------------------------------------------- Evaluating at epoch 1, step 0 ---------------------------------------------
-------- Valid loss: 4.798, accuracy 0.050, top 5 accuracy 0.206, score difference [abs] 6.099 [relative] 0.935 --------
Saved checkpoint models/set_cover_cfg100/0.pth
Epoch 1: Train loss 3.139, accuracy 0.543, top 5 accuracy 0.810, [absolute] 1.513 [relative] 0.168
[Epoch 2] CPU Memory - RSS: 1.77 GB
------------------------------------------ Evaluating at epoch 2, step 100000 ------------------------------------------
-------- Valid loss: 2.995, accuracy 0.552, top 5 accuracy 0.836, score difference [abs] 1.388 [relative] 0.150 --------
Saved checkpoint models/set_cover_cfg100/100000.pth
Epoch 2: Train loss 2.948, accuracy 0.578, top 5 accuracy 0.850, [absolute] 1.243 [relative] 0.135
[Epoch 3] CPU Memory - RSS: 1.77 GB
------------------------------------------ Evaluating at epoch 3, step 200000 ------------------------------------------
-------- Valid loss: 2.912, accuracy 0.582, top 5 accuracy 0.859, score difference [abs] 1.199 [relative] 0.131 --------
Saved checkpoint models/set_cover_cfg100/200000.pth
Epoch 3: Train loss 2.913, accuracy 0.587, top 5 accuracy 0.857, [absolute] 1.187 [relative] 0.130
[Epoch 4] CPU Memory - RSS: 1.77 GB
------------------------------------------ Evaluating at epoch 4, step 300000 ------------------------------------------
-------- Valid loss: 2.879, accuracy 0.585, top 5 accuracy 0.862, score difference [abs] 1.182 [relative] 0.129 --------
Saved checkpoint models/set_cover_cfg100/300000.pth
Epoch 4: Train loss 2.890, accuracy 0.591, top 5 accuracy 0.862, [absolute] 1.158 [relative] 0.127
[Epoch 5] CPU Memory - RSS: 1.77 GB
------------------------------------------ Evaluating at epoch 5, step 400000 ------------------------------------------
-------- Valid loss: 2.895, accuracy 0.582, top 5 accuracy 0.859, score difference [abs] 1.201 [relative] 0.132 --------
Saved checkpoint models/set_cover_cfg100/400000.pth
Epoch 5: Train loss 2.872, accuracy 0.594, top 5 accuracy 0.865, [absolute] 1.140 [relative] 0.125
[Epoch 6] CPU Memory - RSS: 1.77 GB
------------------------------------------ Evaluating at epoch 6, step 500000 ------------------------------------------
-------- Valid loss: 2.868, accuracy 0.587, top 5 accuracy 0.865, score difference [abs] 1.156 [relative] 0.127 --------
Saved checkpoint models/set_cover_cfg100/500000.pth
Epoch 6: Train loss 2.860, accuracy 0.597, top 5 accuracy 0.866, [absolute] 1.124 [relative] 0.123
[Epoch 7] CPU Memory - RSS: 1.77 GB
------------------------------------------ Evaluating at epoch 7, step 600000 ------------------------------------------
-------- Valid loss: 2.846, accuracy 0.592, top 5 accuracy 0.868, score difference [abs] 1.154 [relative] 0.125 --------
Saved checkpoint models/set_cover_cfg100/600000.pth
Epoch 7: Train loss 2.846, accuracy 0.599, top 5 accuracy 0.870, [absolute] 1.105 [relative] 0.122
[Epoch 8] CPU Memory - RSS: 1.77 GB
------------------------------------------ Evaluating at epoch 8, step 700000 ------------------------------------------
-------- Valid loss: 2.852, accuracy 0.593, top 5 accuracy 0.869, score difference [abs] 1.140 [relative] 0.126 --------
Saved checkpoint models/set_cover_cfg100/700000.pth
Epoch 8: Train loss 2.823, accuracy 0.602, top 5 accuracy 0.875, [absolute] 1.068 [relative] 0.119
[Epoch 9] CPU Memory - RSS: 1.77 GB
------------------------------------------ Evaluating at epoch 9, step 800000 ------------------------------------------
-------- Valid loss: 2.858, accuracy 0.583, top 5 accuracy 0.865, score difference [abs] 1.131 [relative] 0.128 --------
Saved checkpoint models/set_cover_cfg100/800000.pth
Epoch 9: Train loss 2.795, accuracy 0.606, top 5 accuracy 0.882, [absolute] 1.034 [relative] 0.117
[Epoch 10] CPU Memory - RSS: 1.77 GB
----------------------------------------- Evaluating at epoch 10, step 900000 ------------------------------------------
-------- Valid loss: 2.777, accuracy 0.594, top 5 accuracy 0.885, score difference [abs] 1.075 [relative] 0.122 --------
Saved checkpoint models/set_cover_cfg100/900000.pth
Epoch 10: Train loss 2.776, accuracy 0.609, top 5 accuracy 0.886, [absolute] 1.019 [relative] 0.115
Saved checkpoint models/set_cover_cfg100/1000000.pth
Training completed in 800.36 minutes.
batch_size: 1
config_root: ./cfg
dataset_path: legacy_code_generator/data/samples/setcover/500r_1000c_0.05d
dropout: 0.0
epochs: 10
eval_every: 100000
hidden_channels: 64
log_dir: ./logs
loss_option: classification
lr: 0.0001
model: holo
model_dir: ./models
model_suffix: 
n_breakings: 8
num_layers: 2
out_dim: 64
power: 2
print_every: 100000
r: 1
resume: False
resume_model_dir: 
sample_negatives: False
save_every: 100000
seed: 42
symmetry_breaking_model: gnn
weight_decay: 0.0005
num_heads: 1
isab_num_inds: 50
dataset: set_cover
cfg_idx: 100
parent_test_stats_dir: data/results_summary/
eval_split: test
eval_batch_size: 32
eval_train_batch_size: None
eval_val_batch_size: None
eval_test_batch_size: None
model_id: set_cover_cfg100
device: cuda
Number of parameters: 196050
Loaded checkpoint models/set_cover_cfg100/1000000.pth
--------------------------- [test] Save stats to: data/results_summary/set_cover_cfg100/test ---------------------------
[test] loss 2.7796, acc 0.6077, top5 0.8857, score_diff 0.9765, normalized 0.1152
Total eval time: 12.27 minutes
