batch_size: 32
max_samples_per_split: 128
config_root: ./cfg
dataset_path: legacy_code_generator/data/samples/setcover/500r_1000c_0.05d
dropout: 0.0
epochs: 1
eval_every: 1000
hidden_channels: 64
log_dir: ./logs
loss_option: classification
lr: 0.001
model: raw
model_dir: ./models
model_suffix: 
n_breakings: 8
num_layers: 2
out_dim: 64
power: 2
print_every: 1000
r: 1
resume: False
resume_model_dir: 
save_every: 10000
seed: 42
symmetry_breaking_model: power_method
weight_decay: 0.0005
dataset: set_cover
cfg_idx: 99
model_id: set_cover_cfg99
device: cuda
Model is saved to models/set_cover_cfg99, logs are saved to logs/set_cover_cfg99.
[Epoch 1] CPU Memory - RSS: 0.88 GB
-------------------------------------------- Evaluating at epoch 1, step 0 ---------------------------------------------
-------- Valid loss: 4.779, accuracy 0.000, top 5 accuracy 0.031, score difference [abs] 5.410 [relative] 1.000 --------
Saved checkpoint models/set_cover_cfg99/0.pth
Epoch 1: Train loss 4.750, accuracy 0.344, top 5 accuracy 0.438, [absolute] 4.300 [relative] 0.516
Saved checkpoint models/set_cover_cfg99/4.pth
Training completed in 0.19 minutes.
batch_size: 32
max_samples_per_split: 128
config_root: ./cfg
dataset_path: legacy_code_generator/data/samples/setcover/500r_1000c_0.05d
dropout: 0.0
epochs: 1
eval_every: 10000
hidden_channels: 64
log_dir: ./logs
loss_option: classification
lr: 0.001
model: raw
model_dir: ./models
model_suffix: 
n_breakings: 8
num_layers: 2
out_dim: 64
power: 2
print_every: 10000
r: 1
resume: False
resume_model_dir: 
save_every: 10000
seed: 42
symmetry_breaking_model: power_method
weight_decay: 0.0005
dataset: set_cover
cfg_idx: 99
parent_test_stats_dir: data/results_summary/
eval_split: test
eval_batch_size: 32
eval_train_batch_size: None
eval_val_batch_size: None
eval_test_batch_size: None
model_id: set_cover_cfg99
device: cuda
Number of parameters: 114866
Loaded checkpoint models/set_cover_cfg99/4.pth
--------------------------- [test] Save stats to: data/results_summary/set_cover_cfg99/test ----------------------------
[test] loss 4.7125, acc 0.2891, top5 0.4688, score_diff 3.6270, normalized 0.4299
Total eval time: 0.09 minutes
