batch_size: 32
config_root: ./cfg
dataset_path: legacy_code_generator/data/samples/setcover/500r_1000c_0.05d
dropout: 0.0
epochs: 1
eval_every: 1000
hidden_channels: 64
log_dir: ./logs
loss_option: classification
lr: 0.001
model: holo
model_dir: ./models
model_suffix: 
n_breakings: 8
num_heads: 1
isab_num_inds: 8
num_layers: 2
out_dim: 64
power: 2
print_every: 1000
r: 1
resume: False
resume_model_dir: 
save_every: 10000
seed: 42
symmetry_breaking_model: gnn
weight_decay: 0.0005
dataset: set_cover
cfg_idx: 100
model_id: set_cover_cfg100
device: cuda
Model is saved to models/set_cover_cfg100, logs are saved to logs/set_cover_cfg100.
[Epoch 1] CPU Memory - RSS: 0.92 GB
-------------------------------------------- Evaluating at epoch 1, step 0 ---------------------------------------------
-------- Valid loss: 4.798, accuracy 0.100, top 5 accuracy 0.209, score difference [abs] 5.662 [relative] 0.768 --------
Saved checkpoint models/set_cover_cfg100/0.pth
------------------------------------------- Evaluating at epoch 1, step 1000 -------------------------------------------
-------- Valid loss: 3.115, accuracy 0.545, top 5 accuracy 0.815, score difference [abs] 1.497 [relative] 0.159 --------
Step 1000: Train loss 3.426, accuracy 0.491, Top-5 accuracy 0.753, [absolute] 1.938 [relative] 0.226
------------------------------------------- Evaluating at epoch 1, step 2000 -------------------------------------------
-------- Valid loss: 3.020, accuracy 0.549, top 5 accuracy 0.830, score difference [abs] 1.437 [relative] 0.154 --------
Step 2000: Train loss 3.251, accuracy 0.519, Top-5 accuracy 0.785, [absolute] 1.693 [relative] 0.191
------------------------------------------- Evaluating at epoch 1, step 3000 -------------------------------------------
-------- Valid loss: 2.982, accuracy 0.566, top 5 accuracy 0.841, score difference [abs] 1.283 [relative] 0.141 --------
Step 3000: Train loss 3.172, accuracy 0.533, Top-5 accuracy 0.802, [absolute] 1.578 [relative] 0.176
Epoch 1: Train loss 3.164, accuracy 0.535, top 5 accuracy 0.804, [absolute] 1.567 [relative] 0.175
Saved checkpoint models/set_cover_cfg100/3125.pth
Training completed in 249.15 minutes.
batch_size: 32
config_root: ./cfg
dataset_path: legacy_code_generator/data/samples/setcover/500r_1000c_0.05d
dropout: 0.0
epochs: 1
eval_every: 10000
hidden_channels: 64
log_dir: ./logs
loss_option: classification
lr: 0.001
model: holo
model_dir: ./models
model_suffix: 
n_breakings: 8
num_heads: 1
isab_num_inds: 8
num_layers: 2
out_dim: 64
power: 2
print_every: 10000
r: 1
resume: False
resume_model_dir: 
save_every: 10000
seed: 42
symmetry_breaking_model: gnn
weight_decay: 0.0005
dataset: set_cover
cfg_idx: 100
parent_test_stats_dir: data/results_summary/
eval_split: test
eval_batch_size: 32
eval_train_batch_size: None
eval_val_batch_size: None
eval_test_batch_size: None
model_id: set_cover_cfg100
device: cuda
Number of parameters: 193320
Loaded checkpoint models/set_cover_cfg100/3125.pth
--------------------------- [test] Save stats to: data/results_summary/set_cover_cfg100/test ---------------------------
[test] loss 2.9676, acc 0.5679, top5 0.8429, score_diff 1.2654, normalized 0.1415
Total eval time: 21.44 minutes
