batch_size: 1
config_root: ./cfg
dataset_path: legacy_code_generator/data/samples/setcover/500r_1000c_0.05d
dropout: 0.0
epochs: 5
eval_every: 100000
hidden_channels: 64
log_dir: ./logs
loss_option: classification
lr: 0.001
model: holo
model_dir: ./models
model_suffix: 
n_breakings: 8
num_layers: 2
out_dim: 64
power: 2
print_every: 100000
r: 1
resume: True
resume_model_dir: 
sample_negatives: False
save_every: 100000
seed: 42
symmetry_breaking_model: gnn
weight_decay: 0.0005
num_heads: 1
isab_num_inds: 50
dataset: set_cover
cfg_idx: 100
model_id: set_cover_cfg100
device: cuda
Resuming training...
Loaded checkpoint models/set_cover_cfg100/500000.pth
Model is saved to models/set_cover_cfg100_resume_from_set_cover_cfg100, logs are saved to logs/set_cover_cfg100_resume_from_set_cover_cfg100.
[Epoch 1] CPU Memory - RSS: 0.93 GB
------------------------------------------ Evaluating at epoch 1, step 500000 ------------------------------------------
-------- Valid loss: 2.954, accuracy 0.570, top 5 accuracy 0.846, score difference [abs] 1.239 [relative] 0.138 --------
Saved checkpoint models/set_cover_cfg100_resume_from_set_cover_cfg100/500000.pth
Epoch 1: Train loss 2.976, accuracy 0.573, top 5 accuracy 0.849, [absolute] 1.237 [relative] 0.138
[Epoch 2] CPU Memory - RSS: 1.77 GB
------------------------------------------ Evaluating at epoch 2, step 600000 ------------------------------------------
-------- Valid loss: 2.948, accuracy 0.571, top 5 accuracy 0.852, score difference [abs] 1.227 [relative] 0.137 --------
Saved checkpoint models/set_cover_cfg100_resume_from_set_cover_cfg100/600000.pth
Epoch 2: Train loss 2.960, accuracy 0.576, top 5 accuracy 0.854, [absolute] 1.214 [relative] 0.136
[Epoch 3] CPU Memory - RSS: 1.78 GB
------------------------------------------ Evaluating at epoch 3, step 700000 ------------------------------------------
-------- Valid loss: 2.930, accuracy 0.573, top 5 accuracy 0.854, score difference [abs] 1.228 [relative] 0.138 --------
Saved checkpoint models/set_cover_cfg100_resume_from_set_cover_cfg100/700000.pth
Epoch 3: Train loss 2.955, accuracy 0.577, top 5 accuracy 0.854, [absolute] 1.200 [relative] 0.135
[Epoch 4] CPU Memory - RSS: 1.78 GB
------------------------------------------ Evaluating at epoch 4, step 800000 ------------------------------------------
-------- Valid loss: 2.915, accuracy 0.580, top 5 accuracy 0.863, score difference [abs] 1.179 [relative] 0.132 --------
Saved checkpoint models/set_cover_cfg100_resume_from_set_cover_cfg100/800000.pth
Epoch 4: Train loss 2.942, accuracy 0.579, top 5 accuracy 0.858, [absolute] 1.191 [relative] 0.134
[Epoch 5] CPU Memory - RSS: 1.78 GB
------------------------------------------ Evaluating at epoch 5, step 900000 ------------------------------------------
-------- Valid loss: 2.924, accuracy 0.578, top 5 accuracy 0.855, score difference [abs] 1.201 [relative] 0.135 --------
Saved checkpoint models/set_cover_cfg100_resume_from_set_cover_cfg100/900000.pth
Epoch 5: Train loss 2.939, accuracy 0.580, top 5 accuracy 0.858, [absolute] 1.185 [relative] 0.134
Saved checkpoint models/set_cover_cfg100_resume_from_set_cover_cfg100/1000000.pth
Training completed in 425.11 minutes.
batch_size: 1
config_root: ./cfg
dataset_path: legacy_code_generator/data/samples/setcover/500r_1000c_0.05d
dropout: 0.0
epochs: 5
eval_every: 100000
hidden_channels: 64
log_dir: ./logs
loss_option: classification
lr: 0.001
model: holo
model_dir: ./models
model_suffix: resume_from_set_cover_cfg100
n_breakings: 8
num_layers: 2
out_dim: 64
power: 2
print_every: 100000
r: 1
resume: False
resume_model_dir: 
sample_negatives: False
save_every: 100000
seed: 42
symmetry_breaking_model: gnn
weight_decay: 0.0005
num_heads: 1
isab_num_inds: 50
dataset: set_cover
cfg_idx: 100
parent_test_stats_dir: data/results_summary/
eval_split: test
eval_batch_size: 32
eval_train_batch_size: None
eval_val_batch_size: None
eval_test_batch_size: None
model_id: set_cover_cfg100
device: cuda
Number of parameters: 196050
Loaded checkpoint models/set_cover_cfg100_resume_from_set_cover_cfg100/1000000.pth
------------ [test] Save stats to: data/results_summary/set_cover_cfg100_resume_from_set_cover_cfg100/test -------------
[test] loss 2.9191, acc 0.5807, top5 0.8592, score_diff 1.1315, normalized 0.1335
Total eval time: 13.63 minutes
